{"C:\\Users\\Roy Griffiths\\Desktop\\React\\gurpreet-task\\react-financial-grid\\src\\display-grid\\grid.tsx": {"path":"C:\\Users\\Roy Griffiths\\Desktop\\React\\gurpreet-task\\react-financial-grid\\src\\display-grid\\grid.tsx","statementMap":{"0":{"start":{"line":1,"column":0},"end":{"line":1,"column":31}},"1":{"start":{"line":2,"column":0},"end":{"line":2,"column":43}},"2":{"start":{"line":4,"column":0},"end":{"line":4,"column":45}},"3":{"start":{"line":5,"column":0},"end":{"line":5,"column":53}},"4":{"start":{"line":13,"column":20},"end":{"line":34,"column":1}},"5":{"start":{"line":14,"column":25},"end":{"line":16,"column":null}},"6":{"start":{"line":15,"column":11},"end":{"line":15,"column":46}},"7":{"start":{"line":19,"column":2},"end":{"line":33,"column":null}},"8":{"start":{"line":13,"column":13},"end":{"line":13,"column":20}}},"fnMap":{"0":{"name":"(anonymous_0)","decl":{"start":{"line":13,"column":20},"end":{"line":13,"column":21}},"loc":{"start":{"line":13,"column":71},"end":{"line":34,"column":1}}},"1":{"name":"(anonymous_1)","decl":{"start":{"line":15,"column":4},"end":{"line":15,"column":7}},"loc":{"start":{"line":15,"column":11},"end":{"line":15,"column":46}}}},"branchMap":{},"s":{"0":1,"1":1,"2":1,"3":1,"4":1,"5":1,"6":1,"7":1,"8":1},"f":{"0":1,"1":1},"b":{}}
,"C:\\Users\\Roy Griffiths\\Desktop\\React\\gurpreet-task\\react-financial-grid\\src\\display-grid\\grid-types\\financials\\data-filter.tsx": {"path":"C:\\Users\\Roy Griffiths\\Desktop\\React\\gurpreet-task\\react-financial-grid\\src\\display-grid\\grid-types\\financials\\data-filter.tsx","statementMap":{"0":{"start":{"line":1,"column":0},"end":{"line":1,"column":72}},"1":{"start":{"line":10,"column":32},"end":{"line":15,"column":1}},"2":{"start":{"line":11,"column":2},"end":{"line":13,"column":3}},"3":{"start":{"line":12,"column":4},"end":{"line":12,"column":null}},"4":{"start":{"line":14,"column":2},"end":{"line":14,"column":null}},"5":{"start":{"line":10,"column":13},"end":{"line":10,"column":32}}},"fnMap":{"0":{"name":"(anonymous_0)","decl":{"start":{"line":10,"column":32},"end":{"line":10,"column":33}},"loc":{"start":{"line":10,"column":60},"end":{"line":15,"column":1}}}},"branchMap":{"0":{"loc":{"start":{"line":11,"column":2},"end":{"line":13,"column":3}},"type":"if","locations":[{"start":{"line":11,"column":2},"end":{"line":13,"column":3}}]}},"s":{"0":2,"1":2,"2":10,"3":5,"4":5,"5":2},"f":{"0":10},"b":{"0":[5]}}
,"C:\\Users\\Roy Griffiths\\Desktop\\React\\gurpreet-task\\react-financial-grid\\src\\display-grid\\grid-types\\financials\\financial-grid.tsx": {"path":"C:\\Users\\Roy Griffiths\\Desktop\\React\\gurpreet-task\\react-financial-grid\\src\\display-grid\\grid-types\\financials\\financial-grid.tsx","statementMap":{"0":{"start":{"line":1,"column":0},"end":{"line":1,"column":43}},"1":{"start":{"line":2,"column":0},"end":{"line":2,"column":60}},"2":{"start":{"line":3,"column":0},"end":{"line":3,"column":33}},"3":{"start":{"line":4,"column":0},"end":{"line":4,"column":60}},"4":{"start":{"line":5,"column":0},"end":{"line":5,"column":48}},"5":{"start":{"line":6,"column":0},"end":{"line":6,"column":null}},"6":{"start":{"line":11,"column":0},"end":{"line":11,"column":28}},"7":{"start":{"line":18,"column":29},"end":{"line":48,"column":1}},"8":{"start":{"line":19,"column":44},"end":{"line":19,"column":77}},"9":{"start":{"line":20,"column":38},"end":{"line":23,"column":4}},"10":{"start":{"line":25,"column":2},"end":{"line":31,"column":null}},"11":{"start":{"line":26,"column":22},"end":{"line":29,"column":5}},"12":{"start":{"line":27,"column":23},"end":{"line":27,"column":66}},"13":{"start":{"line":28,"column":6},"end":{"line":28,"column":null}},"14":{"start":{"line":30,"column":4},"end":{"line":30,"column":null}},"15":{"start":{"line":33,"column":2},"end":{"line":35,"column":null}},"16":{"start":{"line":34,"column":4},"end":{"line":34,"column":null}},"17":{"start":{"line":37,"column":2},"end":{"line":47,"column":null}},"18":{"start":{"line":18,"column":13},"end":{"line":18,"column":29}}},"fnMap":{"0":{"name":"(anonymous_0)","decl":{"start":{"line":18,"column":29},"end":{"line":18,"column":32}},"loc":{"start":{"line":18,"column":34},"end":{"line":48,"column":1}}},"1":{"name":"(anonymous_1)","decl":{"start":{"line":25,"column":12},"end":{"line":25,"column":15}},"loc":{"start":{"line":25,"column":17},"end":{"line":31,"column":3}}},"2":{"name":"(anonymous_2)","decl":{"start":{"line":26,"column":22},"end":{"line":26,"column":27}},"loc":{"start":{"line":26,"column":33},"end":{"line":29,"column":5}}},"3":{"name":"(anonymous_3)","decl":{"start":{"line":33,"column":12},"end":{"line":33,"column":15}},"loc":{"start":{"line":33,"column":17},"end":{"line":35,"column":3}}}},"branchMap":{},"s":{"0":1,"1":1,"2":1,"3":1,"4":1,"5":1,"6":1,"7":1,"8":8,"9":8,"10":8,"11":2,"12":2,"13":2,"14":2,"15":8,"16":4,"17":8,"18":1},"f":{"0":8,"1":2,"2":2,"3":4},"b":{}}
,"C:\\Users\\Roy Griffiths\\Desktop\\React\\gurpreet-task\\react-financial-grid\\src\\display-grid\\grid-types\\financials\\grid-properties.tsx": {"path":"C:\\Users\\Roy Griffiths\\Desktop\\React\\gurpreet-task\\react-financial-grid\\src\\display-grid\\grid-types\\financials\\grid-properties.tsx","statementMap":{"0":{"start":{"line":9,"column":13},"end":{"line":9,"column":null}},"1":{"start":{"line":11,"column":48},"end":{"line":15,"column":null}},"2":{"start":{"line":19,"column":38},"end":{"line":23,"column":1}},"3":{"start":{"line":20,"column":2},"end":{"line":20,"column":null}},"4":{"start":{"line":20,"column":53},"end":{"line":20,"column":null}},"5":{"start":{"line":21,"column":2},"end":{"line":22,"column":null}},"6":{"start":{"line":21,"column":51},"end":{"line":21,"column":null}},"7":{"start":{"line":22,"column":7},"end":{"line":22,"column":null}},"8":{"start":{"line":19,"column":13},"end":{"line":19,"column":38}},"9":{"start":{"line":32,"column":13},"end":{"line":39,"column":null}},"10":{"start":{"line":34,"column":4},"end":{"line":34,"column":44}},"11":{"start":{"line":36,"column":4},"end":{"line":36,"column":39}},"12":{"start":{"line":38,"column":4},"end":{"line":38,"column":41}},"13":{"start":{"line":46,"column":13},"end":{"line":50,"column":null}},"14":{"start":{"line":47,"column":47},"end":{"line":47,"column":63}},"15":{"start":{"line":48,"column":47},"end":{"line":48,"column":63}},"16":{"start":{"line":49,"column":43},"end":{"line":49,"column":61}},"17":{"start":{"line":53,"column":13},"end":{"line":78,"column":null}}},"fnMap":{"0":{"name":"(anonymous_0)","decl":{"start":{"line":19,"column":38},"end":{"line":19,"column":39}},"loc":{"start":{"line":19,"column":67},"end":{"line":23,"column":1}}},"1":{"name":"(anonymous_1)","decl":{"start":{"line":33,"column":29},"end":{"line":33,"column":30}},"loc":{"start":{"line":34,"column":4},"end":{"line":34,"column":44}}},"2":{"name":"(anonymous_2)","decl":{"start":{"line":35,"column":24},"end":{"line":35,"column":25}},"loc":{"start":{"line":36,"column":4},"end":{"line":36,"column":39}}},"3":{"name":"(anonymous_3)","decl":{"start":{"line":37,"column":26},"end":{"line":37,"column":27}},"loc":{"start":{"line":38,"column":4},"end":{"line":38,"column":41}}},"4":{"name":"(anonymous_4)","decl":{"start":{"line":47,"column":20},"end":{"line":47,"column":21}},"loc":{"start":{"line":47,"column":47},"end":{"line":47,"column":63}}},"5":{"name":"(anonymous_5)","decl":{"start":{"line":48,"column":20},"end":{"line":48,"column":21}},"loc":{"start":{"line":48,"column":47},"end":{"line":48,"column":63}}},"6":{"name":"(anonymous_6)","decl":{"start":{"line":49,"column":16},"end":{"line":49,"column":17}},"loc":{"start":{"line":49,"column":43},"end":{"line":49,"column":61}}}},"branchMap":{"0":{"loc":{"start":{"line":20,"column":2},"end":{"line":20,"column":null}},"type":"if","locations":[{"start":{"line":20,"column":2},"end":{"line":20,"column":null}}]},"1":{"loc":{"start":{"line":21,"column":2},"end":{"line":22,"column":null}},"type":"if","locations":[{"start":{"line":21,"column":2},"end":{"line":22,"column":null}},{"start":{"line":22,"column":7},"end":{"line":22,"column":null}}]}},"s":{"0":3,"1":3,"2":3,"3":3,"4":1,"5":2,"6":1,"7":1,"8":3,"9":3,"10":3,"11":3,"12":3,"13":3,"14":3,"15":3,"16":3,"17":3},"f":{"0":3,"1":3,"2":3,"3":3,"4":3,"5":3,"6":3},"b":{"0":[1],"1":[1,1]}}
,"C:\\Users\\Roy Griffiths\\Desktop\\React\\gurpreet-task\\react-financial-grid\\src\\display-grid\\grid-types\\utils\\filtering.tsx": {"path":"C:\\Users\\Roy Griffiths\\Desktop\\React\\gurpreet-task\\react-financial-grid\\src\\display-grid\\grid-types\\utils\\filtering.tsx","statementMap":{"0":{"start":{"line":12,"column":2},"end":{"line":22,"column":null}},"1":{"start":{"line":14,"column":6},"end":{"line":18,"column":7}},"2":{"start":{"line":15,"column":8},"end":{"line":15,"column":null}},"3":{"start":{"line":17,"column":8},"end":{"line":17,"column":null}},"4":{"start":{"line":19,"column":6},"end":{"line":19,"column":null}},"5":{"start":{"line":8,"column":0},"end":{"line":8,"column":16}}},"fnMap":{"0":{"name":"filterDataWithPredicate","decl":{"start":{"line":8,"column":16},"end":{"line":8,"column":39}},"loc":{"start":{"line":10,"column":33},"end":{"line":23,"column":1}}},"1":{"name":"(anonymous_1)","decl":{"start":{"line":13,"column":4},"end":{"line":13,"column":5}},"loc":{"start":{"line":13,"column":18},"end":{"line":20,"column":5}}}},"branchMap":{"0":{"loc":{"start":{"line":14,"column":6},"end":{"line":18,"column":7}},"type":"if","locations":[{"start":{"line":14,"column":6},"end":{"line":18,"column":7}},{"start":{"line":16,"column":13},"end":{"line":18,"column":7}}]}},"s":{"0":6,"1":11,"2":5,"3":6,"4":11,"5":2},"f":{"0":6,"1":11},"b":{"0":[5,6]}}
,"C:\\Users\\Roy Griffiths\\Desktop\\React\\gurpreet-task\\react-financial-grid\\src\\stubs\\stub-axios-get.tsx": {"path":"C:\\Users\\Roy Griffiths\\Desktop\\React\\gurpreet-task\\react-financial-grid\\src\\stubs\\stub-axios-get.tsx","statementMap":{"0":{"start":{"line":1,"column":0},"end":{"line":1,"column":39}},"1":{"start":{"line":2,"column":0},"end":{"line":2,"column":46}},"2":{"start":{"line":15,"column":28},"end":{"line":31,"column":1}},"3":{"start":{"line":18,"column":2},"end":{"line":24,"column":3}},"4":{"start":{"line":19,"column":4},"end":{"line":23,"column":null}},"5":{"start":{"line":20,"column":6},"end":{"line":22,"column":null}},"6":{"start":{"line":21,"column":8},"end":{"line":21,"column":null}},"7":{"start":{"line":26,"column":2},"end":{"line":30,"column":null}},"8":{"start":{"line":27,"column":4},"end":{"line":29,"column":null}},"9":{"start":{"line":28,"column":6},"end":{"line":28,"column":null}},"10":{"start":{"line":15,"column":13},"end":{"line":15,"column":28}}},"fnMap":{"0":{"name":"(anonymous_1)","decl":{"start":{"line":15,"column":28},"end":{"line":15,"column":33}},"loc":{"start":{"line":17,"column":49},"end":{"line":31,"column":1}}},"1":{"name":"(anonymous_2)","decl":{"start":{"line":19,"column":23},"end":{"line":19,"column":24}},"loc":{"start":{"line":19,"column":35},"end":{"line":23,"column":5}}},"2":{"name":"(anonymous_3)","decl":{"start":{"line":20,"column":17},"end":{"line":20,"column":20}},"loc":{"start":{"line":20,"column":22},"end":{"line":22,"column":7}}},"3":{"name":"(anonymous_4)","decl":{"start":{"line":26,"column":21},"end":{"line":26,"column":22}},"loc":{"start":{"line":26,"column":33},"end":{"line":30,"column":3}}},"4":{"name":"(anonymous_5)","decl":{"start":{"line":27,"column":15},"end":{"line":27,"column":18}},"loc":{"start":{"line":27,"column":20},"end":{"line":29,"column":5}}}},"branchMap":{"0":{"loc":{"start":{"line":18,"column":2},"end":{"line":24,"column":3}},"type":"if","locations":[{"start":{"line":18,"column":2},"end":{"line":24,"column":3}}]}},"s":{"0":1,"1":1,"2":1,"3":4,"4":3,"5":3,"6":3,"7":1,"8":1,"9":1,"10":1},"f":{"0":4,"1":3,"2":3,"3":1,"4":1},"b":{"0":[3]}}
}
