TN:
SF:src\display-grid\grid.tsx
FN:13,(anonymous_0)
FN:15,(anonymous_1)
FNF:2
FNH:2
FNDA:1,(anonymous_0)
FNDA:1,(anonymous_1)
DA:1,1
DA:2,1
DA:4,1
DA:5,1
DA:13,1
DA:14,1
DA:15,1
DA:19,1
LF:8
LH:8
BRF:0
BRH:0
end_of_record
TN:
SF:src\display-grid\grid-types\financials\data-filter.tsx
FN:10,(anonymous_0)
FNF:1
FNH:1
FNDA:10,(anonymous_0)
DA:1,2
DA:10,2
DA:11,10
DA:12,5
DA:14,5
LF:5
LH:5
BRDA:11,0,0,5
BRF:1
BRH:1
end_of_record
TN:
SF:src\display-grid\grid-types\financials\financial-grid.tsx
FN:18,(anonymous_0)
FN:25,(anonymous_1)
FN:26,(anonymous_2)
FN:33,(anonymous_3)
FNF:4
FNH:4
FNDA:8,(anonymous_0)
FNDA:2,(anonymous_1)
FNDA:2,(anonymous_2)
FNDA:4,(anonymous_3)
DA:1,1
DA:2,1
DA:3,1
DA:4,1
DA:5,1
DA:6,1
DA:11,1
DA:18,1
DA:19,8
DA:20,8
DA:25,8
DA:26,2
DA:27,2
DA:28,2
DA:30,2
DA:33,8
DA:34,4
DA:37,8
LF:18
LH:18
BRF:0
BRH:0
end_of_record
TN:
SF:src\display-grid\grid-types\financials\grid-properties.tsx
FN:24,(anonymous_0)
FN:38,(anonymous_1)
FN:40,(anonymous_2)
FN:42,(anonymous_3)
FN:52,(anonymous_4)
FN:53,(anonymous_5)
FN:54,(anonymous_6)
FNF:7
FNH:7
FNDA:3,(anonymous_0)
FNDA:3,(anonymous_1)
FNDA:3,(anonymous_2)
FNDA:3,(anonymous_3)
FNDA:3,(anonymous_4)
FNDA:3,(anonymous_5)
FNDA:3,(anonymous_6)
DA:9,3
DA:11,3
DA:24,3
DA:25,3
DA:26,2
DA:27,1
DA:37,3
DA:39,3
DA:41,3
DA:43,3
DA:51,3
DA:52,3
DA:53,3
DA:54,3
DA:58,3
LF:15
LH:15
BRDA:25,0,0,1
BRDA:26,1,0,1
BRDA:26,1,1,1
BRF:3
BRH:3
end_of_record
TN:
SF:src\display-grid\grid-types\utils\filtering.tsx
FN:8,filterDataWithPredicate
FN:13,(anonymous_1)
FNF:2
FNH:2
FNDA:6,filterDataWithPredicate
FNDA:11,(anonymous_1)
DA:8,2
DA:12,6
DA:14,11
DA:15,5
DA:17,6
DA:19,11
LF:6
LH:6
BRDA:14,0,0,5
BRDA:14,0,1,6
BRF:2
BRH:2
end_of_record
TN:
SF:src\stubs\stub-axios-get.tsx
FN:15,(anonymous_1)
FN:19,(anonymous_2)
FN:20,(anonymous_3)
FN:26,(anonymous_4)
FN:27,(anonymous_5)
FNF:5
FNH:5
FNDA:4,(anonymous_1)
FNDA:3,(anonymous_2)
FNDA:3,(anonymous_3)
FNDA:1,(anonymous_4)
FNDA:1,(anonymous_5)
DA:1,1
DA:2,1
DA:15,1
DA:18,4
DA:19,3
DA:20,3
DA:21,3
DA:26,1
DA:27,1
DA:28,1
LF:10
LH:10
BRDA:18,0,0,3
BRF:1
BRH:1
end_of_record
